[2020-07-12 13:37:58] Текст ошибки: Страница не найдена | Файл: D:\OSPanel\domains\dnvmaster.loc\public\index.php | Cтрока: 6
---------------
[2020-07-12 13:38:50] Текст ошибки: Страница не найдена | Файл: D:\OSPanel\domains\dnvmaster.loc\public\index.php | Cтрока: 6
---------------
[2020-07-12 13:39:49] Текст ошибки: Страница не найдена | Файл: D:\OSPanel\domains\dnvmaster.loc\public\index.php | Cтрока: 6
---------------
[2020-07-12 13:40:10] Текст ошибки: Страница не найдена | Файл: D:\OSPanel\domains\dnvmaster.loc\public\index.php | Cтрока: 6
---------------
[2020-07-12 13:46:47] Текст ошибки: Страница не найдена | Файл: D:\OSPanel\domains\dnvmaster.loc\public\index.php | Cтрока: 6
---------------
[2020-07-12 13:47:06] Текст ошибки: Страница не найдена | Файл: D:\OSPanel\domains\dnvmaster.loc\public\index.php | Cтрока: 6
---------------
[2020-07-12 13:49:23] Текст ошибки: Страница не найдена | Файл: D:\OSPanel\domains\dnvmaster.loc\public\index.php | Cтрока: 6
---------------
[2020-07-12 13:50:32] Текст ошибки: Страница не найдена | Файл: D:\OSPanel\domains\dnvmaster.loc\public\index.php | Cтрока: 6
---------------
[2020-07-12 13:50:39] Текст ошибки: Страница не найдена | Файл: D:\OSPanel\domains\dnvmaster.loc\public\index.php | Cтрока: 6
---------------
[2020-07-12 13:50:40] Текст ошибки: Страница не найдена | Файл: D:\OSPanel\domains\dnvmaster.loc\public\index.php | Cтрока: 6
---------------
[2020-07-12 13:59:12] Текст ошибки: Страница не найдена | Файл: D:\OSPanel\domains\dnvmaster.loc\public\index.php | Cтрока: 6
---------------
[2020-07-12 13:59:45] Текст ошибки: Страница не найдена | Файл: D:\OSPanel\domains\dnvmaster.loc\public\index.php | Cтрока: 6
---------------
[2020-07-12 14:04:01] Текст ошибки: Страница не найдена | Файл: D:\OSPanel\domains\dnvmaster.loc\public\index.php | Cтрока: 6
---------------
[2020-07-12 14:05:10] Текст ошибки: Страница не найдена | Файл: D:\OSPanel\domains\dnvmaster.loc\public\index.php | Cтрока: 6
---------------
[2020-07-12 16:00:19] Текст ошибки: Страница не найдена | Файл: D:\OSPanel\domains\dnvmaster.loc\vendor\dnvmaster\Core\Router.php | Cтрока: 33
---------------
[2020-07-12 16:01:27] Текст ошибки: Страница не найдена | Файл: D:\OSPanel\domains\dnvmaster.loc\vendor\dnvmaster\Core\Router.php | Cтрока: 33
---------------
[2020-07-12 16:01:38] Текст ошибки: Страница не найдена | Файл: D:\OSPanel\domains\dnvmaster.loc\vendor\dnvmaster\Core\Router.php | Cтрока: 33
---------------
[2020-07-12 16:07:25] Текст ошибки: Страница не найдена | Файл: D:\OSPanel\domains\dnvmaster.loc\vendor\dnvmaster\Core\Router.php | Cтрока: 33
---------------
[2020-07-12 16:07:26] Текст ошибки: Страница не найдена | Файл: D:\OSPanel\domains\dnvmaster.loc\vendor\dnvmaster\Core\Router.php | Cтрока: 33
---------------
[2020-07-12 16:47:05] Текст ошибки: Контроллер app\Controllers\\PageNewController не найден | Файл: D:\OSPanel\domains\dnvmaster.loc\vendor\dnvmaster\Core\Router.php | Cтрока: 37
---------------
[2020-07-12 16:47:13] Текст ошибки: Контроллер app\Controllers\\MainController не найден | Файл: D:\OSPanel\domains\dnvmaster.loc\vendor\dnvmaster\Core\Router.php | Cтрока: 37
---------------
[2020-07-12 16:48:32] Текст ошибки: Контроллер app\Controllers\\MainController не найден | Файл: D:\OSPanel\domains\dnvmaster.loc\vendor\dnvmaster\Core\Router.php | Cтрока: 37
---------------
[2020-07-12 16:48:33] Текст ошибки: Контроллер app\Controllers\\MainController не найден | Файл: D:\OSPanel\domains\dnvmaster.loc\vendor\dnvmaster\Core\Router.php | Cтрока: 37
---------------
[2020-07-12 16:48:33] Текст ошибки: Контроллер app\Controllers\\MainController не найден | Файл: D:\OSPanel\domains\dnvmaster.loc\vendor\dnvmaster\Core\Router.php | Cтрока: 37
---------------
[2020-07-12 16:48:33] Текст ошибки: Контроллер app\Controllers\\MainController не найден | Файл: D:\OSPanel\domains\dnvmaster.loc\vendor\dnvmaster\Core\Router.php | Cтрока: 37
---------------
[2020-07-12 16:48:33] Текст ошибки: Контроллер app\Controllers\\MainController не найден | Файл: D:\OSPanel\domains\dnvmaster.loc\vendor\dnvmaster\Core\Router.php | Cтрока: 37
---------------
[2020-07-12 16:48:43] Текст ошибки: Контроллер app\Controllers\\MainController не найден | Файл: D:\OSPanel\domains\dnvmaster.loc\vendor\dnvmaster\Core\Router.php | Cтрока: 37
---------------
[2020-07-12 16:48:43] Текст ошибки: Контроллер app\Controllers\\MainController не найден | Файл: D:\OSPanel\domains\dnvmaster.loc\vendor\dnvmaster\Core\Router.php | Cтрока: 37
---------------
[2020-07-12 16:48:44] Текст ошибки: Контроллер app\Controllers\\MainController не найден | Файл: D:\OSPanel\domains\dnvmaster.loc\vendor\dnvmaster\Core\Router.php | Cтрока: 37
---------------
[2020-07-12 16:49:16] Текст ошибки: Контроллер app\Controllers\\PageController не найден | Файл: D:\OSPanel\domains\dnvmaster.loc\vendor\dnvmaster\Core\Router.php | Cтрока: 37
---------------
[2020-07-12 16:55:02] Текст ошибки: Контроллер app\Controllers\\PageController не найден | Файл: D:\OSPanel\domains\dnvmaster.loc\vendor\dnvmaster\Core\Router.php | Cтрока: 45
---------------
[2020-07-12 16:55:10] Текст ошибки: Контроллер app\Controllers\\MainController не найден | Файл: D:\OSPanel\domains\dnvmaster.loc\vendor\dnvmaster\Core\Router.php | Cтрока: 45
---------------
[2020-07-12 16:57:18] Текст ошибки: Контроллер app\Controllers\\MainController не найден | Файл: D:\OSPanel\domains\dnvmaster.loc\vendor\dnvmaster\Core\Router.php | Cтрока: 45
---------------
[2020-07-12 16:57:20] Текст ошибки: Контроллер app\Controllers\\MainController не найден | Файл: D:\OSPanel\domains\dnvmaster.loc\vendor\dnvmaster\Core\Router.php | Cтрока: 45
---------------
[2020-07-12 16:57:21] Текст ошибки: Контроллер app\Controllers\\MainController не найден | Файл: D:\OSPanel\domains\dnvmaster.loc\vendor\dnvmaster\Core\Router.php | Cтрока: 45
---------------
[2020-07-12 16:57:21] Текст ошибки: Контроллер app\Controllers\\MainController не найден | Файл: D:\OSPanel\domains\dnvmaster.loc\vendor\dnvmaster\Core\Router.php | Cтрока: 45
---------------
[2020-07-12 16:57:23] Текст ошибки: Контроллер app\Controllers\\MainController не найден | Файл: D:\OSPanel\domains\dnvmaster.loc\vendor\dnvmaster\Core\Router.php | Cтрока: 45
---------------
[2020-07-12 16:58:53] Текст ошибки: Контроллер app\Controllers\\MainController не найден | Файл: D:\OSPanel\domains\dnvmaster.loc\vendor\dnvmaster\Core\Router.php | Cтрока: 45
---------------
[2020-07-12 16:58:54] Текст ошибки: Контроллер app\Controllers\\MainController не найден | Файл: D:\OSPanel\domains\dnvmaster.loc\vendor\dnvmaster\Core\Router.php | Cтрока: 45
---------------
[2020-07-12 16:58:54] Текст ошибки: Контроллер app\Controllers\\MainController не найден | Файл: D:\OSPanel\domains\dnvmaster.loc\vendor\dnvmaster\Core\Router.php | Cтрока: 45
---------------
[2020-07-12 16:58:54] Текст ошибки: Контроллер app\Controllers\\MainController не найден | Файл: D:\OSPanel\domains\dnvmaster.loc\vendor\dnvmaster\Core\Router.php | Cтрока: 45
---------------
[2020-07-12 16:58:55] Текст ошибки: Контроллер app\Controllers\\MainController не найден | Файл: D:\OSPanel\domains\dnvmaster.loc\vendor\dnvmaster\Core\Router.php | Cтрока: 45
---------------
[2020-07-12 16:58:55] Текст ошибки: Контроллер app\Controllers\\MainController не найден | Файл: D:\OSPanel\domains\dnvmaster.loc\vendor\dnvmaster\Core\Router.php | Cтрока: 45
---------------
[2020-07-12 16:58:55] Текст ошибки: Контроллер app\Controllers\\MainController не найден | Файл: D:\OSPanel\domains\dnvmaster.loc\vendor\dnvmaster\Core\Router.php | Cтрока: 45
---------------
[2020-07-12 17:00:02] Текст ошибки: Контроллер app\Controllers\\MainController не найден | Файл: D:\OSPanel\domains\dnvmaster.loc\vendor\dnvmaster\Core\Router.php | Cтрока: 45
---------------
[2020-07-12 17:00:42] Текст ошибки: Контроллер app\Controllers\\MainController не найден | Файл: D:\OSPanel\domains\dnvmaster.loc\vendor\dnvmaster\Core\Router.php | Cтрока: 45
---------------
[2020-07-12 17:01:57] Текст ошибки: Контроллер app\Controllers\\MainController не найден | Файл: D:\OSPanel\domains\dnvmaster.loc\vendor\dnvmaster\Core\Router.php | Cтрока: 45
---------------
[2020-07-12 17:02:00] Текст ошибки: Контроллер app\Controllers\\MainController не найден | Файл: D:\OSPanel\domains\dnvmaster.loc\vendor\dnvmaster\Core\Router.php | Cтрока: 45
---------------
[2020-07-12 17:02:01] Текст ошибки: Контроллер app\Controllers\\MainController не найден | Файл: D:\OSPanel\domains\dnvmaster.loc\vendor\dnvmaster\Core\Router.php | Cтрока: 45
---------------
[2020-07-12 17:03:07] Текст ошибки: Контроллер app\Controllers\\MainController не найден | Файл: D:\OSPanel\domains\dnvmaster.loc\vendor\dnvmaster\Core\Router.php | Cтрока: 45
---------------
[2020-07-12 17:03:07] Текст ошибки: Контроллер app\Controllers\\MainController не найден | Файл: D:\OSPanel\domains\dnvmaster.loc\vendor\dnvmaster\Core\Router.php | Cтрока: 45
---------------
[2020-07-12 17:03:08] Текст ошибки: Контроллер app\Controllers\\MainController не найден | Файл: D:\OSPanel\domains\dnvmaster.loc\vendor\dnvmaster\Core\Router.php | Cтрока: 45
---------------
[2020-07-12 17:03:08] Текст ошибки: Контроллер app\Controllers\\MainController не найден | Файл: D:\OSPanel\domains\dnvmaster.loc\vendor\dnvmaster\Core\Router.php | Cтрока: 45
---------------
[2020-07-12 17:03:08] Текст ошибки: Контроллер app\Controllers\\MainController не найден | Файл: D:\OSPanel\domains\dnvmaster.loc\vendor\dnvmaster\Core\Router.php | Cтрока: 45
---------------
[2020-07-12 17:03:09] Текст ошибки: Контроллер app\Controllers\\MainController не найден | Файл: D:\OSPanel\domains\dnvmaster.loc\vendor\dnvmaster\Core\Router.php | Cтрока: 45
---------------
[2020-07-12 17:03:09] Текст ошибки: Контроллер app\Controllers\\MainController не найден | Файл: D:\OSPanel\domains\dnvmaster.loc\vendor\dnvmaster\Core\Router.php | Cтрока: 45
---------------
[2020-07-12 17:03:09] Текст ошибки: Контроллер app\Controllers\\MainController не найден | Файл: D:\OSPanel\domains\dnvmaster.loc\vendor\dnvmaster\Core\Router.php | Cтрока: 45
---------------
[2020-07-12 17:04:11] Текст ошибки: Контроллер app\Controllers\\MainController не найден | Файл: D:\OSPanel\domains\dnvmaster.loc\vendor\dnvmaster\Core\Router.php | Cтрока: 45
---------------
[2020-07-12 17:04:56] Текст ошибки: Контроллер app\Controllers\\MainController не найден | Файл: D:\OSPanel\domains\dnvmaster.loc\vendor\dnvmaster\Core\Router.php | Cтрока: 45
---------------
[2020-07-12 17:05:00] Текст ошибки: Контроллер app\Controllers\\MainController не найден | Файл: D:\OSPanel\domains\dnvmaster.loc\vendor\dnvmaster\Core\Router.php | Cтрока: 45
---------------
[2020-07-12 17:05:01] Текст ошибки: Контроллер app\Controllers\\MainController не найден | Файл: D:\OSPanel\domains\dnvmaster.loc\vendor\dnvmaster\Core\Router.php | Cтрока: 45
---------------
[2020-07-12 17:05:01] Текст ошибки: Контроллер app\Controllers\\MainController не найден | Файл: D:\OSPanel\domains\dnvmaster.loc\vendor\dnvmaster\Core\Router.php | Cтрока: 45
---------------
[2020-07-12 17:05:15] Текст ошибки: Контроллер app\Controllers\\PageController не найден | Файл: D:\OSPanel\domains\dnvmaster.loc\vendor\dnvmaster\Core\Router.php | Cтрока: 45
---------------
[2020-07-12 17:05:56] Текст ошибки: Контроллер app\Controllers\\PageController не найден | Файл: D:\OSPanel\domains\dnvmaster.loc\vendor\dnvmaster\Core\Router.php | Cтрока: 45
---------------
[2020-07-12 17:05:56] Текст ошибки: Контроллер app\Controllers\\PageController не найден | Файл: D:\OSPanel\domains\dnvmaster.loc\vendor\dnvmaster\Core\Router.php | Cтрока: 45
---------------
[2020-07-12 17:05:57] Текст ошибки: Контроллер app\Controllers\\PageController не найден | Файл: D:\OSPanel\domains\dnvmaster.loc\vendor\dnvmaster\Core\Router.php | Cтрока: 45
---------------
[2020-07-12 17:05:57] Текст ошибки: Контроллер app\Controllers\\PageController не найден | Файл: D:\OSPanel\domains\dnvmaster.loc\vendor\dnvmaster\Core\Router.php | Cтрока: 45
---------------
[2020-07-12 17:05:57] Текст ошибки: Контроллер app\Controllers\\PageController не найден | Файл: D:\OSPanel\domains\dnvmaster.loc\vendor\dnvmaster\Core\Router.php | Cтрока: 45
---------------
[2020-07-12 17:05:57] Текст ошибки: Контроллер app\Controllers\\PageController не найден | Файл: D:\OSPanel\domains\dnvmaster.loc\vendor\dnvmaster\Core\Router.php | Cтрока: 45
---------------
[2020-07-12 17:05:57] Текст ошибки: Контроллер app\Controllers\\PageController не найден | Файл: D:\OSPanel\domains\dnvmaster.loc\vendor\dnvmaster\Core\Router.php | Cтрока: 45
---------------
[2020-07-12 17:06:02] Текст ошибки: Контроллер app\Controllers\\MainController не найден | Файл: D:\OSPanel\domains\dnvmaster.loc\vendor\dnvmaster\Core\Router.php | Cтрока: 45
---------------
[2020-07-12 17:06:39] Текст ошибки: Контроллер app\Controllers\\MainController не найден | Файл: D:\OSPanel\domains\dnvmaster.loc\vendor\dnvmaster\Core\Router.php | Cтрока: 45
---------------
[2020-07-12 17:06:39] Текст ошибки: Страница не найдена | Файл: D:\OSPanel\domains\dnvmaster.loc\vendor\dnvmaster\Core\Router.php | Cтрока: 50
---------------
[2020-07-12 17:07:17] Текст ошибки: Контроллер app\controllers\\MainController не найден | Файл: D:\OSPanel\domains\dnvmaster.loc\vendor\dnvmaster\Core\Router.php | Cтрока: 45
---------------
[2020-07-12 17:10:20] Текст ошибки: Контроллер app\controllers\\MainController не найден | Файл: D:\OSPanel\domains\dnvmaster.loc\vendor\dnvmaster\Core\Router.php | Cтрока: 45
---------------
[2020-07-12 17:10:22] Текст ошибки: Контроллер app\controllers\\MainController не найден | Файл: D:\OSPanel\domains\dnvmaster.loc\vendor\dnvmaster\Core\Router.php | Cтрока: 45
---------------
[2020-07-12 17:10:37] Текст ошибки: Контроллер app\controllers\\MainController не найден | Файл: D:\OSPanel\domains\dnvmaster.loc\vendor\dnvmaster\Core\Router.php | Cтрока: 45
---------------
[2020-07-12 17:10:37] Текст ошибки: Страница не найдена | Файл: D:\OSPanel\domains\dnvmaster.loc\vendor\dnvmaster\Core\Router.php | Cтрока: 50
---------------
[2020-07-12 17:10:50] Текст ошибки: Контроллер app\controllers\\PageController не найден | Файл: D:\OSPanel\domains\dnvmaster.loc\vendor\dnvmaster\Core\Router.php | Cтрока: 45
---------------
[2020-07-12 17:11:39] Текст ошибки: Контроллер app\controllers\\PageController не найден | Файл: D:\OSPanel\domains\dnvmaster.loc\vendor\dnvmaster\Core\Router.php | Cтрока: 45
---------------
[2020-07-12 17:12:56] Текст ошибки: Контроллер app\controllers\\PageController не найден | Файл: D:\OSPanel\domains\dnvmaster.loc\vendor\dnvmaster\Core\Router.php | Cтрока: 45
---------------
[2020-07-12 17:12:58] Текст ошибки: Контроллер app\controllers\\PageController не найден | Файл: D:\OSPanel\domains\dnvmaster.loc\vendor\dnvmaster\Core\Router.php | Cтрока: 45
---------------
[2020-07-12 17:13:14] Текст ошибки: Контроллер app\controllers\\PageController не найден | Файл: D:\OSPanel\domains\dnvmaster.loc\vendor\dnvmaster\Core\Router.php | Cтрока: 45
---------------
[2020-07-12 17:13:21] Текст ошибки: Контроллер app\controllers\\MainController не найден | Файл: D:\OSPanel\domains\dnvmaster.loc\vendor\dnvmaster\Core\Router.php | Cтрока: 45
---------------
[2020-07-12 17:14:37] Текст ошибки: Контроллер app\controllers\\MainController не найден | Файл: D:\OSPanel\domains\dnvmaster.loc\vendor\dnvmaster\Core\Router.php | Cтрока: 45
---------------
[2020-07-12 17:14:37] Текст ошибки: Страница не найдена | Файл: D:\OSPanel\domains\dnvmaster.loc\vendor\dnvmaster\Core\Router.php | Cтрока: 50
---------------
[2020-07-12 17:15:23] Текст ошибки: Контроллер app\controllers\\MainController не найден | Файл: D:\OSPanel\domains\dnvmaster.loc\vendor\dnvmaster\Core\Router.php | Cтрока: 45
---------------
[2020-07-12 17:15:24] Текст ошибки: Контроллер app\controllers\\MainController не найден | Файл: D:\OSPanel\domains\dnvmaster.loc\vendor\dnvmaster\Core\Router.php | Cтрока: 45
---------------
[2020-07-12 17:15:24] Текст ошибки: Контроллер app\controllers\\MainController не найден | Файл: D:\OSPanel\domains\dnvmaster.loc\vendor\dnvmaster\Core\Router.php | Cтрока: 45
---------------
[2020-07-12 17:15:24] Текст ошибки: Контроллер app\controllers\\MainController не найден | Файл: D:\OSPanel\domains\dnvmaster.loc\vendor\dnvmaster\Core\Router.php | Cтрока: 45
---------------
[2020-07-12 17:15:24] Текст ошибки: Контроллер app\controllers\\MainController не найден | Файл: D:\OSPanel\domains\dnvmaster.loc\vendor\dnvmaster\Core\Router.php | Cтрока: 45
---------------
[2020-07-12 17:15:34] Текст ошибки: Контроллер app\controllers\\MainController не найден | Файл: D:\OSPanel\domains\dnvmaster.loc\vendor\dnvmaster\Core\Router.php | Cтрока: 45
---------------
[2020-07-12 17:16:23] Текст ошибки: Контроллер app\controllers\\Maincontroller не найден | Файл: D:\OSPanel\domains\dnvmaster.loc\vendor\dnvmaster\Core\Router.php | Cтрока: 45
---------------
[2020-07-12 17:33:18] Текст ошибки: Контроллер app\controllers\PageController не найден | Файл: D:\OSPanel\domains\dnvmaster.loc\vendor\dnvmaster\Core\Router.php | Cтрока: 32
---------------
[2020-07-12 17:35:01] Текст ошибки: Метод app\controllers\PageController::wievAction не найден | Файл: D:\OSPanel\domains\dnvmaster.loc\vendor\dnvmaster\Core\Router.php | Cтрока: 29
---------------
[2020-07-12 17:36:33] Текст ошибки: Метод app\controllers\PageController::wievAction не найден | Файл: D:\OSPanel\domains\dnvmaster.loc\vendor\dnvmaster\Core\Router.php | Cтрока: 29
---------------
[2020-07-12 17:36:34] Текст ошибки: Метод app\controllers\PageController::wievAction не найден | Файл: D:\OSPanel\domains\dnvmaster.loc\vendor\dnvmaster\Core\Router.php | Cтрока: 29
---------------
[2020-07-12 17:37:35] Текст ошибки: Метод app\controllers\PageController::wievAction не найден | Файл: D:\OSPanel\domains\dnvmaster.loc\vendor\dnvmaster\Core\Router.php | Cтрока: 29
---------------
[2020-07-12 17:37:35] Текст ошибки: Метод app\controllers\PageController::wievAction не найден | Файл: D:\OSPanel\domains\dnvmaster.loc\vendor\dnvmaster\Core\Router.php | Cтрока: 29
---------------
[2020-07-17 13:35:12] Текст ошибки: Страница не найдена | Файл: D:\OSPanel\domains\dnvmaster.loc\vendor\dnvmaster\Core\Router.php | Cтрока: 35
---------------
[2020-07-17 13:35:21] Текст ошибки: Метод app\controllers\PageController::indexAction не найден | Файл: D:\OSPanel\domains\dnvmaster.loc\vendor\dnvmaster\Core\Router.php | Cтрока: 29
---------------
[2020-07-17 22:05:15] Текст ошибки: Контроллер app\controllers\admin\MainController не найден | Файл: D:\OSPanel\domains\dnvmaster.loc\vendor\dnvmaster\Core\Router.php | Cтрока: 33
---------------
[2020-07-17 22:05:16] Текст ошибки: Страница не найдена | Файл: D:\OSPanel\domains\dnvmaster.loc\vendor\dnvmaster\Core\Router.php | Cтрока: 36
---------------
[2020-07-18 14:38:21] Текст ошибки: Страница не найдена | Файл: D:\OSPanel\domains\dnvmaster.loc\vendor\dnvmaster\Core\Router.php | Cтрока: 36
---------------
[2020-07-18 14:38:29] Текст ошибки: Страница не найдена | Файл: D:\OSPanel\domains\dnvmaster.loc\vendor\dnvmaster\Core\Router.php | Cтрока: 36
---------------
[2020-07-18 14:57:20] Текст ошибки: Не найден вид D:\OSPanel\domains\dnvmaster.loc/app/views/Page/view.php | Файл: D:\OSPanel\domains\dnvmaster.loc\vendor\dnvmaster\Core\base\View.php | Cтрока: 42
---------------
[2020-07-18 15:41:28] Текст ошибки: Не найден вид D:\OSPanel\domains\dnvmaster.loc/app/views/Page/view.php | Файл: D:\OSPanel\domains\dnvmaster.loc\vendor\dnvmaster\Core\base\View.php | Cтрока: 42
---------------
[2020-07-18 16:04:03] Текст ошибки: Нет соединения с базой данных | Файл: D:\OSPanel\domains\dnvmaster.loc\vendor\dnvmaster\Core\Db.php | Cтрока: 15
---------------
[2020-07-18 16:05:39] Текст ошибки: Нет соединения с базой данных | Файл: D:\OSPanel\domains\dnvmaster.loc\vendor\dnvmaster\Core\Db.php | Cтрока: 15
---------------
[2020-07-18 16:07:00] Текст ошибки: Нет соединения с базой данных | Файл: D:\OSPanel\domains\dnvmaster.loc\vendor\dnvmaster\Core\Db.php | Cтрока: 15
---------------
[2020-07-18 16:07:02] Текст ошибки: Нет соединения с базой данных | Файл: D:\OSPanel\domains\dnvmaster.loc\vendor\dnvmaster\Core\Db.php | Cтрока: 15
---------------
[2020-07-18 16:07:03] Текст ошибки: Нет соединения с базой данных | Файл: D:\OSPanel\domains\dnvmaster.loc\vendor\dnvmaster\Core\Db.php | Cтрока: 15
---------------
[2020-07-18 16:07:03] Текст ошибки: Нет соединения с базой данных | Файл: D:\OSPanel\domains\dnvmaster.loc\vendor\dnvmaster\Core\Db.php | Cтрока: 15
---------------
[2020-07-18 16:08:47] Текст ошибки: Не найден вид D:\OSPanel\domains\dnvmaster.loc/app/views/Page/view.php | Файл: D:\OSPanel\domains\dnvmaster.loc\vendor\dnvmaster\Core\base\View.php | Cтрока: 42
---------------
[2020-07-18 16:09:41] Текст ошибки: Не найден вид D:\OSPanel\domains\dnvmaster.loc/app/views/Page/view.php | Файл: D:\OSPanel\domains\dnvmaster.loc\vendor\dnvmaster\Core\base\View.php | Cтрока: 42
---------------
[2020-07-18 16:09:42] Текст ошибки: Не найден вид D:\OSPanel\domains\dnvmaster.loc/app/views/Page/view.php | Файл: D:\OSPanel\domains\dnvmaster.loc\vendor\dnvmaster\Core\base\View.php | Cтрока: 42
---------------
[2020-07-18 16:09:43] Текст ошибки: Не найден вид D:\OSPanel\domains\dnvmaster.loc/app/views/Page/view.php | Файл: D:\OSPanel\domains\dnvmaster.loc\vendor\dnvmaster\Core\base\View.php | Cтрока: 42
---------------
[2020-07-18 16:11:44] Текст ошибки: Не найден вид D:\OSPanel\domains\dnvmaster.loc/app/views/Page/view.php | Файл: D:\OSPanel\domains\dnvmaster.loc\vendor\dnvmaster\Core\base\View.php | Cтрока: 42
---------------
[2020-07-18 16:11:45] Текст ошибки: Не найден вид D:\OSPanel\domains\dnvmaster.loc/app/views/Page/view.php | Файл: D:\OSPanel\domains\dnvmaster.loc\vendor\dnvmaster\Core\base\View.php | Cтрока: 42
---------------
[2020-07-18 16:11:46] Текст ошибки: Не найден вид D:\OSPanel\domains\dnvmaster.loc/app/views/Page/view.php | Файл: D:\OSPanel\domains\dnvmaster.loc\vendor\dnvmaster\Core\base\View.php | Cтрока: 42
---------------
[2020-07-18 16:15:59] Текст ошибки: На найден вид D:\OSPanel\domains\dnvmaster.loc/app/views/Page/view.php | Файл: D:\OSPanel\domains\dnvmaster.loc\vendor\dnvmaster\Core\base\View.php | Cтрока: 41
---------------
[2020-07-18 16:16:00] Текст ошибки: На найден вид D:\OSPanel\domains\dnvmaster.loc/app/views/Page/view.php | Файл: D:\OSPanel\domains\dnvmaster.loc\vendor\dnvmaster\Core\base\View.php | Cтрока: 41
---------------
[2020-07-18 16:16:01] Текст ошибки: На найден вид D:\OSPanel\domains\dnvmaster.loc/app/views/Page/view.php | Файл: D:\OSPanel\domains\dnvmaster.loc\vendor\dnvmaster\Core\base\View.php | Cтрока: 41
---------------
[2020-07-18 16:16:01] Текст ошибки: На найден вид D:\OSPanel\domains\dnvmaster.loc/app/views/Page/view.php | Файл: D:\OSPanel\domains\dnvmaster.loc\vendor\dnvmaster\Core\base\View.php | Cтрока: 41
---------------
[2020-07-18 16:16:01] Текст ошибки: На найден вид D:\OSPanel\domains\dnvmaster.loc/app/views/Page/view.php | Файл: D:\OSPanel\domains\dnvmaster.loc\vendor\dnvmaster\Core\base\View.php | Cтрока: 41
---------------
[2020-07-18 16:18:16] Текст ошибки: Страница не найдена | Файл: D:\OSPanel\domains\dnvmaster.loc\vendor\dnvmaster\Core\Router.php | Cтрока: 37
---------------
[2020-07-18 16:26:35] Текст ошибки: SQLSTATE[42S02]: Base table or view not found: 1146 Table 'dnvservice.test' doesn't exist | Файл: D:\OSPanel\domains\dnvmaster.loc\vendor\gabordemooij\redbean\RedBeanPHP\Driver\RPDO.php | Cтрока: 199
---------------
[2020-07-18 16:27:38] Текст ошибки: SQLSTATE[42S02]: Base table or view not found: 1146 Table 'dnvmaster.test' doesn't exist | Файл: D:\OSPanel\domains\dnvmaster.loc\vendor\gabordemooij\redbean\RedBeanPHP\Driver\RPDO.php | Cтрока: 199
---------------
[2020-07-18 16:27:41] Текст ошибки: SQLSTATE[42S02]: Base table or view not found: 1146 Table 'dnvmaster.test' doesn't exist | Файл: D:\OSPanel\domains\dnvmaster.loc\vendor\gabordemooij\redbean\RedBeanPHP\Driver\RPDO.php | Cтрока: 199
---------------
[2020-07-18 16:27:41] Текст ошибки: SQLSTATE[42S02]: Base table or view not found: 1146 Table 'dnvmaster.test' doesn't exist | Файл: D:\OSPanel\domains\dnvmaster.loc\vendor\gabordemooij\redbean\RedBeanPHP\Driver\RPDO.php | Cтрока: 199
---------------
[2020-07-18 16:27:41] Текст ошибки: SQLSTATE[42S02]: Base table or view not found: 1146 Table 'dnvmaster.test' doesn't exist | Файл: D:\OSPanel\domains\dnvmaster.loc\vendor\gabordemooij\redbean\RedBeanPHP\Driver\RPDO.php | Cтрока: 199
---------------
[2020-07-18 16:27:42] Текст ошибки: SQLSTATE[42S02]: Base table or view not found: 1146 Table 'dnvmaster.test' doesn't exist | Файл: D:\OSPanel\domains\dnvmaster.loc\vendor\gabordemooij\redbean\RedBeanPHP\Driver\RPDO.php | Cтрока: 199
---------------
[2020-07-18 16:28:00] Текст ошибки: SQLSTATE[42S02]: Base table or view not found: 1146 Table 'dnvservice.test' doesn't exist | Файл: D:\OSPanel\domains\dnvmaster.loc\vendor\gabordemooij\redbean\RedBeanPHP\Driver\RPDO.php | Cтрока: 199
---------------
[2020-07-18 16:29:21] Текст ошибки: SQLSTATE[42S02]: Base table or view not found: 1146 Table 'dnvmaster.tb_test' doesn't exist | Файл: D:\OSPanel\domains\dnvmaster.loc\vendor\gabordemooij\redbean\RedBeanPHP\Driver\RPDO.php | Cтрока: 199
---------------
